<?xml version="1.0" encoding="UTF-8"?>
<!-- Generated by org.testng.reporters.JUnitXMLReporter -->
<testsuite hostname="noah-HdB" ignored="0" tests="6" failures="0" timestamp="21 Jan 2020 18:01:25 GMT" time="41.085" errors="0">
  <testcase name="testBaseTitle" time="0.045" classname="BaseWWPageTest"/>
  <testcase name="testStudioBtn" time="2.768" classname="BaseWWPageTest"/>
  <testcase name="testFindAStudioPage" time="1.094" classname="FindAStudioPageTest"/>
  <testcase name="testZipPage" time="1.76" classname="SearchZipPageTest"/>
  <testcase name="test1Meetings" time="0.883" classname="WWStudioPageTest"/>
  <testcase name="test2HrsOps" time="0.531" classname="WWStudioPageTest"/>
</testsuite>
